<?xml version="1.0" encoding="UTF-8"?>
<!-- Generated by org.testng.reporters.JUnitReportReporter -->
<testsuite hostname="Vrishalis-MacBook-Air.local" failures="0" tests="5" name="com.SeleniumAutomationCucumberFramework.runner.LoginRunner" time="112.173" errors="0" timestamp="2023-06-22T17:40:19 PDT" skipped="0">
  <testcase classname="com.SeleniumAutomationCucumberFramework.runner.LoginRunner" name="runScenario" time="15.116"/>
  <system-out/>
  <testcase classname="com.SeleniumAutomationCucumberFramework.runner.LoginRunner" name="runScenario" time="25.376"/>
  <system-out/>
  <testcase classname="com.SeleniumAutomationCucumberFramework.runner.LoginRunner" name="runScenario" time="17.299"/>
  <system-out/>
  <testcase classname="com.SeleniumAutomationCucumberFramework.runner.LoginRunner" name="runScenario" time="35.791"/>
  <system-out/>
  <testcase classname="com.SeleniumAutomationCucumberFramework.runner.LoginRunner" name="runScenario" time="18.591"/>
  <system-out/>
</testsuite> <!-- com.SeleniumAutomationCucumberFramework.runner.LoginRunner -->
